
Collecting usage statistics. To deactivate, set browser.gatherUsageStats to false.


  You can now view your Streamlit app in your browser.

  Local URL: http://localhost:8503
  Network URL: http://192.168.0.2:8503
  External URL: http://35.224.132.190:8503

[31mâ”€â”€[0m[31mâ”€â”€â”€â”€â”€â”€â”€â”€â”€â”€â”€â”€â”€â”€â”€â”€â”€â”€â”€â”€â”€â”€â”€â”€[0m[31m [0m[1;31mTraceback [0m[1;2;31m(most recent call last)[0m[31m [0m[31mâ”€â”€â”€â”€â”€â”€â”€â”€â”€â”€â”€â”€â”€â”€â”€â”€â”€â”€â”€â”€â”€â”€â”€â”€â”€[0m[31mâ”€â”€[0m
[31m [0m [2m/home/jules/.pyenv/versions/3.12.12/lib/python3.12/site-packages/httpx/_transports/[0m[1md[0m [31m [0m
[31m [0m [1mefault.py[0m:101 in map_httpcore_exceptions                                             [31m [0m
[31m [0m                                                                                      [31m [0m
[31m [0m   [2m 98 [0m[2mâ”‚   [0m[94mif[0m [96mlen[0m(HTTPCORE_EXC_MAP) == [94m0[0m:                                             [31m [0m
[31m [0m   [2m 99 [0m[2mâ”‚   â”‚   [0mHTTPCORE_EXC_MAP = _load_httpcore_exceptions()                         [31m [0m
[31m [0m   [2m100 [0m[2mâ”‚   [0m[94mtry[0m:                                                                       [31m [0m
[31m [0m [31mâ± [0m101 [2mâ”‚   â”‚   [0m[94myield[0m                                                                  [31m [0m
[31m [0m   [2m102 [0m[2mâ”‚   [0m[94mexcept[0m [96mException[0m [94mas[0m exc:                                                   [31m [0m
[31m [0m   [2m103 [0m[2mâ”‚   â”‚   [0mmapped_exc = [94mNone[0m                                                      [31m [0m
[31m [0m   [2m104 [0m                                                                               [31m [0m
[31m [0m                                                                                      [31m [0m
[31m [0m [2m/home/jules/.pyenv/versions/3.12.12/lib/python3.12/site-packages/httpx/_transports/[0m[1md[0m [31m [0m
[31m [0m [1mefault.py[0m:250 in handle_request                                                      [31m [0m
[31m [0m                                                                                      [31m [0m
[31m [0m   [2m247 [0m[2mâ”‚   â”‚   â”‚   [0mextensions=request.extensions,                                     [31m [0m
[31m [0m   [2m248 [0m[2mâ”‚   â”‚   [0m)                                                                      [31m [0m
[31m [0m   [2m249 [0m[2mâ”‚   â”‚   [0m[94mwith[0m [1;4mmap_httpcore_exceptions()[0m:                                        [31m [0m
[31m [0m [31mâ± [0m250 [2mâ”‚   â”‚   â”‚   [0mresp = [96mself[0m._pool.handle_request(req)                              [31m [0m
[31m [0m   [2m251 [0m[2mâ”‚   â”‚   [0m                                                                       [31m [0m
[31m [0m   [2m252 [0m[2mâ”‚   â”‚   [0m[94massert[0m [96misinstance[0m(resp.stream, typing.Iterable)                        [31m [0m
[31m [0m   [2m253 [0m                                                                               [31m [0m
[31m [0m                                                                                      [31m [0m
[31m [0m [2m/home/jules/.pyenv/versions/3.12.12/lib/python3.12/site-packages/httpcore/_sync/[0m[1mconn[0m [31m [0m
[31m [0m [1mection_pool.py[0m:207 in handle_request                                                 [31m [0m
[31m [0m                                                                                      [31m [0m
[31m [0m   [2m204 [0m[2;33mâ”‚   â”‚   [0m[33m"""[0m                                                                    [31m [0m
[31m [0m   [2m205 [0m[2mâ”‚   â”‚   [0mscheme = request.url.scheme.decode()                                   [31m [0m
[31m [0m   [2m206 [0m[2mâ”‚   â”‚   [0m[94mif[0m scheme == [33m"[0m[33m"[0m:                                                       [31m [0m
[31m [0m [31mâ± [0m207 [2mâ”‚   â”‚   â”‚   [0m[1;4;94mraise[0m[1;4m UnsupportedProtocol([0m                                         [31m [0m
[31m [0m   [2m208 [0m[2mâ”‚   â”‚   â”‚   â”‚   [0m[1;4;33m"[0m[1;4;33mRequest URL is missing an [0m[1;4;33m'[0m[1;4;33mhttp://[0m[1;4;33m'[0m[1;4;33m or [0m[1;4;33m'[0m[1;4;33mhttps://[0m[1;4;33m'[0m[1;4;33m protocol.[0m[1;4;33m"[0m  [31m [0m
[31m [0m   [2m209 [0m[2mâ”‚   â”‚   â”‚   [0m[1;4m)[0m                                                                  [31m [0m
[31m [0m   [2m210 [0m[2mâ”‚   â”‚   [0m[94mif[0m scheme [95mnot[0m [95min[0m ([33m"[0m[33mhttp[0m[33m"[0m, [33m"[0m[33mhttps[0m[33m"[0m, [33m"[0m[33mws[0m[33m"[0m, [33m"[0m[33mwss[0m[33m"[0m):                       [31m [0m
[31mâ”€â”€â”€â”€â”€â”€â”€â”€â”€â”€â”€â”€â”€â”€â”€â”€â”€â”€â”€â”€â”€â”€â”€â”€â”€â”€â”€â”€â”€â”€â”€â”€â”€â”€â”€â”€â”€â”€â”€â”€â”€â”€â”€â”€â”€â”€â”€â”€â”€â”€â”€â”€â”€â”€â”€â”€â”€â”€â”€â”€â”€â”€â”€â”€â”€â”€â”€â”€â”€â”€â”€â”€â”€â”€â”€â”€â”€â”€â”€â”€â”€â”€â”€â”€â”€â”€â”€â”€[0m
[1;91mUnsupportedProtocol: [0mRequest URL is missing an [32m'http://'[0m or [32m'https://'[0m protocol.

[3mThe above exception was the direct cause of the following exception:[0m

[31mâ”€â”€[0m[31mâ”€â”€â”€â”€â”€â”€â”€â”€â”€â”€â”€â”€â”€â”€â”€â”€â”€â”€â”€â”€â”€â”€â”€â”€[0m[31m [0m[1;31mTraceback [0m[1;2;31m(most recent call last)[0m[31m [0m[31mâ”€â”€â”€â”€â”€â”€â”€â”€â”€â”€â”€â”€â”€â”€â”€â”€â”€â”€â”€â”€â”€â”€â”€â”€â”€[0m[31mâ”€â”€[0m
[31m [0m [2m/home/jules/.pyenv/versions/3.12.12/lib/python3.12/site-packages/streamlit/runtime/s[0m [31m [0m
[31m [0m [2mcriptrunner/[0m[1mexec_code.py[0m:129 in exec_func_with_error_handling                        [31m [0m
[31m [0m                                                                                      [31m [0m
[31m [0m [2m/home/jules/.pyenv/versions/3.12.12/lib/python3.12/site-packages/streamlit/runtime/s[0m [31m [0m
[31m [0m [2mcriptrunner/[0m[1mscript_runner.py[0m:672 in code_to_exec                                     [31m [0m
[31m [0m                                                                                      [31m [0m
[31m [0m [2m/app/medgemma_triage/[0m[1mapp.py[0m:24 in <module>                                           [31m [0m
[31m [0m                                                                                      [31m [0m
[31m [0m   [2m 21 [0mui.setup_styles()                                                              [31m [0m
[31m [0m   [2m 22 [0m                                                                               [31m [0m
[31m [0m   [2m 23 [0m[2m# --- Authentication Gatekeeper ---[0m                                            [31m [0m
[31m [0m [31mâ± [0m 24 [1;4mauth.seed_admin_user()[0m [2m# Ensure the admin user exists for the demo[0m             [31m [0m
[31m [0m   [2m 25 [0m                                                                               [31m [0m
[31m [0m   [2m 26 [0m[94mif[0m [33m"[0m[33mauthenticated[0m[33m"[0m [95mnot[0m [95min[0m st.session_state:                                    [31m [0m
[31m [0m   [2m 27 [0m[2mâ”‚   [0mst.session_state.authenticated = [94mFalse[0m                                     [31m [0m
[31m [0m                                                                                      [31m [0m
[31m [0m [2m/app/medgemma_triage/[0m[1mauth.py[0m:77 in seed_admin_user                                   [31m [0m
[31m [0m                                                                                      [31m [0m
[31m [0m   [2m74 [0m[2mâ”‚   â”‚   [0m[94mreturn[0m                                                                  [31m [0m
[31m [0m   [2m75 [0m[2mâ”‚   [0m                                                                            [31m [0m
[31m [0m   [2m76 [0m[2mâ”‚   [0madmin_key = [33m"[0m[33muser:admin[0m[33m"[0m                                                    [31m [0m
[31m [0m [31mâ± [0m77 [2mâ”‚   [0m[94mif[0m [95mnot[0m [1;4mredis.exists(admin_key)[0m:                                             [31m [0m
[31m [0m   [2m78 [0m[2mâ”‚   â”‚   [0m[96mprint[0m([33m"[0m[33mAdmin user not found, creating one.[0m[33m"[0m)                            [31m [0m
[31m [0m   [2m79 [0m[2mâ”‚   â”‚   [0mpassword = [33m"[0m[33madmin[0m[33m"[0m [2m# Set a simpler password for local testing[0m           [31m [0m
[31m [0m   [2m80 [0m[2mâ”‚   â”‚   [0mpassword_hash = hashlib.sha256(password.encode()).hexdigest()           [31m [0m
[31m [0m                                                                                      [31m [0m
[31m [0m [2m/home/jules/.pyenv/versions/3.12.12/lib/python3.12/site-packages/upstash_redis/[0m[1mcomma[0m [31m [0m
[31m [0m [1mnds.py[0m:310 in exists                                                                 [31m [0m
[31m [0m                                                                                      [31m [0m
[31m [0m   [2m 307 [0m[2mâ”‚   â”‚   [0m                                                                      [31m [0m
[31m [0m   [2m 308 [0m[2mâ”‚   â”‚   [0mcommand: List = [[33m"[0m[33mEXISTS[0m[33m"[0m, *keys]                                     [31m [0m
[31m [0m   [2m 309 [0m[2mâ”‚   â”‚   [0m                                                                      [31m [0m
[31m [0m [31mâ± [0m 310 [2mâ”‚   â”‚   [0m[94mreturn[0m [1;4;96mself[0m[1;4m.execute(command)[0m                                          [31m [0m
[31m [0m   [2m 311 [0m[2mâ”‚   [0m                                                                          [31m [0m
[31m [0m   [2m 312 [0m[2mâ”‚   [0m[94mdef[0m[90m [0m[92mexpire[0m(                                                               [31m [0m
[31m [0m   [2m 313 [0m[2mâ”‚   â”‚   [0m[96mself[0m,                                                                 [31m [0m
[31m [0m                                                                                      [31m [0m
[31m [0m [2m/home/jules/.pyenv/versions/3.12.12/lib/python3.12/site-packages/upstash_redis/[0m[1mclien[0m [31m [0m
[31m [0m [1mt.py[0m:136 in execute                                                                  [31m [0m
[31m [0m                                                                                      [31m [0m
[31m [0m   [2m133 [0m[2;33mâ”‚   â”‚   [0m[33mExecutes the given command.[0m                                            [31m [0m
[31m [0m   [2m134 [0m[2;33mâ”‚   â”‚   [0m[33m"""[0m                                                                    [31m [0m
[31m [0m   [2m135 [0m[2mâ”‚   â”‚   [0m[96mself[0m._maybe_set_sync_token_header([96mself[0m._headers)                       [31m [0m
[31m [0m [31mâ± [0m136 [2mâ”‚   â”‚   [0mres = [1;4;96mself[0m[1;4m._http.execute([0m                                              [31m [0m
[31m [0m   [2m137 [0m[2mâ”‚   â”‚   â”‚   [0m[1;4murl=[0m[1;4;96mself[0m[1;4m._url,[0m                                                     [31m [0m
[31m [0m   [2m138 [0m[2mâ”‚   â”‚   â”‚   [0m[1;4mheaders=[0m[1;4;96mself[0m[1;4m._headers,[0m                                             [31m [0m
[31m [0m   [2m139 [0m[2mâ”‚   â”‚   â”‚   [0m[1;4mcommand=command,[0m                                                   [31m [0m
[31m [0m                                                                                      [31m [0m
[31m [0m [2m/home/jules/.pyenv/versions/3.12.12/lib/python3.12/site-packages/upstash_redis/[0m[1mhttp.[0m [31m [0m
[31m [0m [1mpy[0m:88 in execute                                                                     [31m [0m
[31m [0m                                                                                      [31m [0m
[31m [0m   [2m 85 [0m[2mâ”‚   â”‚   â”‚   [0m[94massert[0m last_error [95mis[0m [95mnot[0m [94mNone[0m                                      [31m [0m
[31m [0m   [2m 86 [0m[2mâ”‚   â”‚   â”‚   [0m                                                                   [31m [0m
[31m [0m   [2m 87 [0m[2mâ”‚   â”‚   â”‚   [0m[2m# Exhausted all retries, but no response is received[0m               [31m [0m
[31m [0m [31mâ± [0m 88 [2mâ”‚   â”‚   â”‚   [0m[1;4;94mraise[0m[1;4m last_error[0m                                                   [31m [0m
[31m [0m   [2m 89 [0m[2mâ”‚   â”‚   [0m[94mif[0m [95mnot[0m from_pipeline:                                                  [31m [0m
[31m [0m   [2m 90 [0m[2mâ”‚   â”‚   â”‚   [0m[94mreturn[0m format_response(response, [96mself[0m._encoding)                   [31m [0m
[31m [0m   [2m 91 [0m[2mâ”‚   â”‚   [0m[94melse[0m:                                                                  [31m [0m
[31m [0m                                                                                      [31m [0m
[31m [0m [2m/home/jules/.pyenv/versions/3.12.12/lib/python3.12/site-packages/upstash_redis/[0m[1mhttp.[0m [31m [0m
[31m [0m [1mpy[0m:70 in execute                                                                     [31m [0m
[31m [0m                                                                                      [31m [0m
[31m [0m   [2m 67 [0m[2mâ”‚   â”‚   [0m                                                                       [31m [0m
[31m [0m   [2m 68 [0m[2mâ”‚   â”‚   [0m[94mfor[0m attempts_left [95min[0m [96mrange[0m([96mmax[0m([94m0[0m, [96mself[0m._retries), -[94m1[0m, -[94m1[0m):             [31m [0m
[31m [0m   [2m 69 [0m[2mâ”‚   â”‚   â”‚   [0m[94mtry[0m:                                                               [31m [0m
[31m [0m [31mâ± [0m 70 [2mâ”‚   â”‚   â”‚   â”‚   [0mr = [96mself[0m._client.post(url, headers=headers, json=command)      [31m [0m
[31m [0m   [2m 71 [0m[2mâ”‚   â”‚   â”‚   â”‚   [0msync_token = r.headers.get([33m"[0m[33mUpstash-Sync-Token[0m[33m"[0m)               [31m [0m
[31m [0m   [2m 72 [0m[2mâ”‚   â”‚   â”‚   â”‚   [0m[94mif[0m [96mself[0m._sync_token_cb [95mand[0m sync_token:                         [31m [0m
[31m [0m   [2m 73 [0m[2mâ”‚   â”‚   â”‚   â”‚   â”‚   [0m[96mself[0m._sync_token_cb(sync_token)                            [31m [0m
[31m [0m                                                                                      [31m [0m
[31m [0m [2m/home/jules/.pyenv/versions/3.12.12/lib/python3.12/site-packages/httpx/[0m[1m_client.py[0m:11 [31m [0m
[31m [0m 44 in post                                                                           [31m [0m
[31m [0m                                                                                      [31m [0m
[31m [0m   [2m1141 [0m[2mâ”‚   â”‚   [0m                                                                      [31m [0m
[31m [0m   [2m1142 [0m[2;33mâ”‚   â”‚   [0m[33m**Parameters**: See `httpx.request`.[0m                                  [31m [0m
[31m [0m   [2m1143 [0m[2;33mâ”‚   â”‚   [0m[33m"""[0m                                                                   [31m [0m
[31m [0m [31mâ± [0m1144 [2mâ”‚   â”‚   [0m[94mreturn[0m [1;4;96mself[0m[1;4m.request([0m                                                  [31m [0m
[31m [0m   [2m1145 [0m[2mâ”‚   â”‚   â”‚   [0m[1;4;33m"[0m[1;4;33mPOST[0m[1;4;33m"[0m[1;4m,[0m                                                           [31m [0m
[31m [0m   [2m1146 [0m[2mâ”‚   â”‚   â”‚   [0m[1;4murl,[0m                                                              [31m [0m
[31m [0m   [2m1147 [0m[2mâ”‚   â”‚   â”‚   [0m[1;4mcontent=content,[0m                                                  [31m [0m
[31m [0m                                                                                      [31m [0m
[31m [0m [2m/home/jules/.pyenv/versions/3.12.12/lib/python3.12/site-packages/httpx/[0m[1m_client.py[0m:82 [31m [0m
[31m [0m 5 in request                                                                         [31m [0m
[31m [0m                                                                                      [31m [0m
[31m [0m   [2m 822 [0m[2mâ”‚   â”‚   â”‚   [0mtimeout=timeout,                                                  [31m [0m
[31m [0m   [2m 823 [0m[2mâ”‚   â”‚   â”‚   [0mextensions=extensions,                                            [31m [0m
[31m [0m   [2m 824 [0m[2mâ”‚   â”‚   [0m)                                                                     [31m [0m
[31m [0m [31mâ± [0m 825 [2mâ”‚   â”‚   [0m[94mreturn[0m [1;4;96mself[0m[1;4m.send(request, auth=auth, follow_redirects=follow_redirect[0m [31m [0m
[31m [0m   [2m 826 [0m[2mâ”‚   [0m                                                                          [31m [0m
[31m [0m   [2m 827 [0m[2mâ”‚   [0m[1;95m@contextmanager[0m                                                           [31m [0m
[31m [0m   [2m 828 [0m[2mâ”‚   [0m[94mdef[0m[90m [0m[92mstream[0m(                                                               [31m [0m
[31m [0m                                                                                      [31m [0m
[31m [0m [2m/home/jules/.pyenv/versions/3.12.12/lib/python3.12/site-packages/httpx/[0m[1m_client.py[0m:91 [31m [0m
[31m [0m 4 in send                                                                            [31m [0m
[31m [0m                                                                                      [31m [0m
[31m [0m   [2m 911 [0m[2mâ”‚   â”‚   [0m                                                                      [31m [0m
[31m [0m   [2m 912 [0m[2mâ”‚   â”‚   [0mauth = [96mself[0m._build_request_auth(request, auth)                        [31m [0m
[31m [0m   [2m 913 [0m[2mâ”‚   â”‚   [0m                                                                      [31m [0m
[31m [0m [31mâ± [0m 914 [2mâ”‚   â”‚   [0mresponse = [1;4;96mself[0m[1;4m._send_handling_auth([0m                                  [31m [0m
[31m [0m   [2m 915 [0m[2mâ”‚   â”‚   â”‚   [0m[1;4mrequest,[0m                                                          [31m [0m
[31m [0m   [2m 916 [0m[2mâ”‚   â”‚   â”‚   [0m[1;4mauth=auth,[0m                                                        [31m [0m
[31m [0m   [2m 917 [0m[2mâ”‚   â”‚   â”‚   [0m[1;4mfollow_redirects=follow_redirects,[0m                                [31m [0m
[31m [0m                                                                                      [31m [0m
[31m [0m [2m/home/jules/.pyenv/versions/3.12.12/lib/python3.12/site-packages/httpx/[0m[1m_client.py[0m:94 [31m [0m
[31m [0m 2 in _send_handling_auth                                                             [31m [0m
[31m [0m                                                                                      [31m [0m
[31m [0m   [2m 939 [0m[2mâ”‚   â”‚   â”‚   [0mrequest = [96mnext[0m(auth_flow)                                         [31m [0m
[31m [0m   [2m 940 [0m[2mâ”‚   â”‚   â”‚   [0m                                                                  [31m [0m
[31m [0m   [2m 941 [0m[2mâ”‚   â”‚   â”‚   [0m[94mwhile[0m [94mTrue[0m:                                                       [31m [0m
[31m [0m [31mâ± [0m 942 [2mâ”‚   â”‚   â”‚   â”‚   [0mresponse = [96mself[0m._send_handling_redirects(                     [31m [0m
[31m [0m   [2m 943 [0m[2mâ”‚   â”‚   â”‚   â”‚   â”‚   [0mrequest,                                                  [31m [0m
[31m [0m   [2m 944 [0m[2mâ”‚   â”‚   â”‚   â”‚   â”‚   [0mfollow_redirects=follow_redirects,                        [31m [0m
[31m [0m   [2m 945 [0m[2mâ”‚   â”‚   â”‚   â”‚   â”‚   [0mhistory=history,                                          [31m [0m
[31m [0m                                                                                      [31m [0m
[31m [0m [2m/home/jules/.pyenv/versions/3.12.12/lib/python3.12/site-packages/httpx/[0m[1m_client.py[0m:97 [31m [0m
[31m [0m 9 in _send_handling_redirects                                                        [31m [0m
[31m [0m                                                                                      [31m [0m
[31m [0m   [2m 976 [0m[2mâ”‚   â”‚   â”‚   [0m[94mfor[0m hook [95min[0m [96mself[0m._event_hooks[[33m"[0m[33mrequest[0m[33m"[0m]:                         [31m [0m
[31m [0m   [2m 977 [0m[2mâ”‚   â”‚   â”‚   â”‚   [0mhook(request)                                                 [31m [0m
[31m [0m   [2m 978 [0m[2mâ”‚   â”‚   â”‚   [0m                                                                  [31m [0m
[31m [0m [31mâ± [0m 979 [2mâ”‚   â”‚   â”‚   [0mresponse = [1;4;96mself[0m[1;4m._send_single_request(request)[0m                     [31m [0m
[31m [0m   [2m 980 [0m[2mâ”‚   â”‚   â”‚   [0m[94mtry[0m:                                                              [31m [0m
[31m [0m   [2m 981 [0m[2mâ”‚   â”‚   â”‚   â”‚   [0m[94mfor[0m hook [95min[0m [96mself[0m._event_hooks[[33m"[0m[33mresponse[0m[33m"[0m]:                    [31m [0m
[31m [0m   [2m 982 [0m[2mâ”‚   â”‚   â”‚   â”‚   â”‚   [0mhook(response)                                            [31m [0m
[31m [0m                                                                                      [31m [0m
[31m [0m [2m/home/jules/.pyenv/versions/3.12.12/lib/python3.12/site-packages/httpx/[0m[1m_client.py[0m:10 [31m [0m
[31m [0m 14 in _send_single_request                                                           [31m [0m
[31m [0m                                                                                      [31m [0m
[31m [0m   [2m1011 [0m[2mâ”‚   â”‚   â”‚   [0m)                                                                 [31m [0m
[31m [0m   [2m1012 [0m[2mâ”‚   â”‚   [0m                                                                      [31m [0m
[31m [0m   [2m1013 [0m[2mâ”‚   â”‚   [0m[94mwith[0m request_context(request=request):                                [31m [0m
[31m [0m [31mâ± [0m1014 [2mâ”‚   â”‚   â”‚   [0mresponse = [1;4mtransport.handle_request(request)[0m                      [31m [0m
[31m [0m   [2m1015 [0m[2mâ”‚   â”‚   [0m                                                                      [31m [0m
[31m [0m   [2m1016 [0m[2mâ”‚   â”‚   [0m[94massert[0m [96misinstance[0m(response.stream, SyncByteStream)                    [31m [0m
[31m [0m   [2m1017 [0m                                                                              [31m [0m
[31m [0m                                                                                      [31m [0m
[31m [0m [2m/home/jules/.pyenv/versions/3.12.12/lib/python3.12/site-packages/httpx/_transports/[0m[1md[0m [31m [0m
[31m [0m [1mefault.py[0m:249 in handle_request                                                      [31m [0m
[31m [0m                                                                                      [31m [0m
[31m [0m   [2m246 [0m[2mâ”‚   â”‚   â”‚   [0mcontent=request.stream,                                            [31m [0m
[31m [0m   [2m247 [0m[2mâ”‚   â”‚   â”‚   [0mextensions=request.extensions,                                     [31m [0m
[31m [0m   [2m248 [0m[2mâ”‚   â”‚   [0m)                                                                      [31m [0m
[31m [0m [31mâ± [0m249 [2mâ”‚   â”‚   [0m[94mwith[0m [1;4mmap_httpcore_exceptions()[0m:                                        [31m [0m
[31m [0m   [2m250 [0m[2mâ”‚   â”‚   â”‚   [0mresp = [96mself[0m._pool.handle_request(req)                              [31m [0m
[31m [0m   [2m251 [0m[2mâ”‚   â”‚   [0m                                                                       [31m [0m
[31m [0m   [2m252 [0m[2mâ”‚   â”‚   [0m[94massert[0m [96misinstance[0m(resp.stream, typing.Iterable)                        [31m [0m
[31m [0m                                                                                      [31m [0m
[31m [0m [2m/home/jules/.pyenv/versions/3.12.12/lib/python3.12/[0m[1mcontextlib.py[0m:158 in __exit__     [31m [0m
[31m [0m                                                                                      [31m [0m
[31m [0m   [2m155 [0m[2mâ”‚   â”‚   â”‚   â”‚   [0m[2m# tell if we get the same exception back[0m                       [31m [0m
[31m [0m   [2m156 [0m[2mâ”‚   â”‚   â”‚   â”‚   [0mvalue = typ()                                                  [31m [0m
[31m [0m   [2m157 [0m[2mâ”‚   â”‚   â”‚   [0m[94mtry[0m:                                                               [31m [0m
[31m [0m [31mâ± [0m158 [2mâ”‚   â”‚   â”‚   â”‚   [0m[96mself[0m.gen.throw(value)                                          [31m [0m
[31m [0m   [2m159 [0m[2mâ”‚   â”‚   â”‚   [0m[94mexcept[0m [96mStopIteration[0m [94mas[0m exc:                                       [31m [0m
[31m [0m   [2m160 [0m[2mâ”‚   â”‚   â”‚   â”‚   [0m[2m# Suppress StopIteration *unless* it's the same exception that[0m [31m [0m
[31m [0m   [2m161 [0m[2mâ”‚   â”‚   â”‚   â”‚   [0m[2m# was passed to throw().  This prevents a StopIteration[0m        [31m [0m
[31m [0m                                                                                      [31m [0m
[31m [0m [2m/home/jules/.pyenv/versions/3.12.12/lib/python3.12/site-packages/httpx/_transports/[0m[1md[0m [31m [0m
[31m [0m [1mefault.py[0m:118 in map_httpcore_exceptions                                             [31m [0m
[31m [0m                                                                                      [31m [0m
[31m [0m   [2m115 [0m[2mâ”‚   â”‚   â”‚   [0m[94mraise[0m                                                              [31m [0m
[31m [0m   [2m116 [0m[2mâ”‚   â”‚   [0m                                                                       [31m [0m
[31m [0m   [2m117 [0m[2mâ”‚   â”‚   [0mmessage = [96mstr[0m(exc)                                                     [31m [0m
[31m [0m [31mâ± [0m118 [2mâ”‚   â”‚   [0m[1;4;94mraise[0m[1;4m mapped_exc(message) [0m[1;4;94mfrom[0m[1;4;90m [0m[1;4;96mexc[0m                                     [31m [0m
[31m [0m   [2m119 [0m                                                                               [31m [0m
[31m [0m   [2m120 [0m                                                                               [31m [0m
[31m [0m   [2m121 [0m[94mclass[0m[90m [0m[4;92mResponseStream[0m(SyncByteStream):                                          [31m [0m
[31mâ”€â”€â”€â”€â”€â”€â”€â”€â”€â”€â”€â”€â”€â”€â”€â”€â”€â”€â”€â”€â”€â”€â”€â”€â”€â”€â”€â”€â”€â”€â”€â”€â”€â”€â”€â”€â”€â”€â”€â”€â”€â”€â”€â”€â”€â”€â”€â”€â”€â”€â”€â”€â”€â”€â”€â”€â”€â”€â”€â”€â”€â”€â”€â”€â”€â”€â”€â”€â”€â”€â”€â”€â”€â”€â”€â”€â”€â”€â”€â”€â”€â”€â”€â”€â”€â”€â”€â”€[0m
[1;91mUnsupportedProtocol: [0mRequest URL is missing an [32m'http://'[0m or [32m'https://'[0m protocol.
